{
  "numFailedTestSuites": 5,
  "numFailedTests": 5,
  "numPassedTestSuites": 70,
  "numPassedTests": 292,
  "numPendingTestSuites": 6,
  "numPendingTests": 103,
  "numRuntimeErrorTestSuites": 0,
  "numTodoTests": 0,
  "numTotalTestSuites": 81,
  "numTotalTests": 400,
  "openHandles": [],
  "snapshot": {
    "added": 0,
    "didUpdate": false,
    "failure": false,
    "filesAdded": 0,
    "filesRemoved": 0,
    "filesRemovedList": [],
    "filesUnmatched": 0,
    "filesUpdated": 0,
    "matched": 0,
    "total": 0,
    "unchecked": 0,
    "uncheckedKeysByFile": [],
    "unmatched": 0,
    "updated": 0
  },
  "startTime": 1614921130959,
  "success": false,
  "testResults": [
    {
      "leaks": false,
      "numFailingTests": 0,
      "numPassingTests": 4,
      "numPendingTests": 27,
      "numTodoTests": 0,
      "openHandles": [],
      "perfStats": {
        "end": 1614921199899,
        "runtime": 68210,
        "slow": true,
        "start": 1614921131689
      },
      "skipped": false,
      "snapshot": {
        "added": 0,
        "fileDeleted": false,
        "matched": 0,
        "unchecked": 0,
        "unmatched": 0,
        "updated": 0,
        "uncheckedKeys": []
      },
      "testFilePath": "/home/roxaneletourneau/src/ecadlabs/taquito2/taquito/integration-tests/contract-estimation-tests.spec.ts",
      "testResults": [
        {
          "ancestorTitles": [
            "Estimate scenario using: https://api.tez.ie/rpc/falphanet"
          ],
          "duration": 1,
          "failureDetails": [],
          "failureMessages": [],
          "fullName": "Estimate scenario using: https://api.tez.ie/rpc/falphanet Estimate transfer with allocated destination",
          "location": null,
          "numPassingAsserts": 0,
          "status": "pending",
          "title": "Estimate transfer with allocated destination"
        },
        {
          "ancestorTitles": [
            "Estimate scenario using: https://api.tez.ie/rpc/falphanet"
          ],
          "duration": 0,
          "failureDetails": [],
          "failureMessages": [],
          "fullName": "Estimate scenario using: https://api.tez.ie/rpc/falphanet Estimate transfer with allocated destination",
          "location": null,
          "numPassingAsserts": 0,
          "status": "pending",
          "title": "Estimate transfer with allocated destination"
        },
        {
          "ancestorTitles": [
            "Estimate scenario using: https://api.tez.ie/rpc/falphanet"
          ],
          "duration": 0,
          "failureDetails": [],
          "failureMessages": [],
          "fullName": "Estimate scenario using: https://api.tez.ie/rpc/falphanet Estimate transfer with allocated destination",
          "location": null,
          "numPassingAsserts": 0,
          "status": "pending",
          "title": "Estimate transfer with allocated destination"
        },
        {
          "ancestorTitles": [
            "Estimate scenario using: https://api.tez.ie/rpc/falphanet"
          ],
          "duration": 0,
          "failureDetails": [],
          "failureMessages": [],
          "fullName": "Estimate scenario using: https://api.tez.ie/rpc/falphanet Estimate transfer with unallocated destination",
          "location": null,
          "numPassingAsserts": 0,
          "status": "pending",
          "title": "Estimate transfer with unallocated destination"
        },
        {
          "ancestorTitles": [
            "Estimate scenario using: https://api.tez.ie/rpc/falphanet"
          ],
          "duration": 0,
          "failureDetails": [],
          "failureMessages": [],
          "fullName": "Estimate scenario using: https://api.tez.ie/rpc/falphanet Estimate transfer with unallocated destination",
          "location": null,
          "numPassingAsserts": 0,
          "status": "pending",
          "title": "Estimate transfer with unallocated destination"
        },
        {
          "ancestorTitles": [
            "Estimate scenario using: https://api.tez.ie/rpc/falphanet"
          ],
          "duration": 0,
          "failureDetails": [],
          "failureMessages": [],
          "fullName": "Estimate scenario using: https://api.tez.ie/rpc/falphanet Estimate transfer with unallocated destination",
          "location": null,
          "numPassingAsserts": 0,
          "status": "pending",
          "title": "Estimate transfer with unallocated destination"
        },
        {
          "ancestorTitles": [
            "Estimate scenario using: https://api.tez.ie/rpc/falphanet"
          ],
          "duration": 0,
          "failureDetails": [],
          "failureMessages": [],
          "fullName": "Estimate scenario using: https://api.tez.ie/rpc/falphanet Estimate simple origination",
          "location": null,
          "numPassingAsserts": 0,
          "status": "pending",
          "title": "Estimate simple origination"
        },
        {
          "ancestorTitles": [
            "Estimate scenario using: https://api.tez.ie/rpc/falphanet"
          ],
          "duration": 0,
          "failureDetails": [],
          "failureMessages": [],
          "fullName": "Estimate scenario using: https://api.tez.ie/rpc/falphanet Estimate simple origination",
          "location": null,
          "numPassingAsserts": 0,
          "status": "pending",
          "title": "Estimate simple origination"
        },
        {
          "ancestorTitles": [
            "Estimate scenario using: https://api.tez.ie/rpc/falphanet"
          ],
          "duration": 0,
          "failureDetails": [],
          "failureMessages": [],
          "fullName": "Estimate scenario using: https://api.tez.ie/rpc/falphanet Estimate simple origination",
          "location": null,
          "numPassingAsserts": 0,
          "status": "pending",
          "title": "Estimate simple origination"
        },
        {
          "ancestorTitles": [
            "Estimate scenario using: https://api.tez.ie/rpc/falphanet"
          ],
          "duration": 0,
          "failureDetails": [],
          "failureMessages": [],
          "fullName": "Estimate scenario using: https://api.tez.ie/rpc/falphanet Estimate setDelegate",
          "location": null,
          "numPassingAsserts": 0,
          "status": "pending",
          "title": "Estimate setDelegate"
        },
        {
          "ancestorTitles": [
            "Estimate scenario using: https://api.tez.ie/rpc/falphanet"
          ],
          "duration": 0,
          "failureDetails": [],
          "failureMessages": [],
          "fullName": "Estimate scenario using: https://api.tez.ie/rpc/falphanet Estimate setDelegate",
          "location": null,
          "numPassingAsserts": 0,
          "status": "pending",
          "title": "Estimate setDelegate"
        },
        {
          "ancestorTitles": [
            "Estimate scenario using: https://api.tez.ie/rpc/falphanet"
          ],
          "duration": 0,
          "failureDetails": [],
          "failureMessages": [],
          "fullName": "Estimate scenario using: https://api.tez.ie/rpc/falphanet Estimate setDelegate",
          "location": null,
          "numPassingAsserts": 0,
          "status": "pending",
          "title": "Estimate setDelegate"
        },
        {
          "ancestorTitles": [
            "Estimate scenario using: https://api.tez.ie/rpc/falphanet"
          ],
          "duration": 0,
          "failureDetails": [],
          "failureMessages": [],
          "fullName": "Estimate scenario using: https://api.tez.ie/rpc/falphanet Estimate internal transfer to allocated implicit",
          "location": null,
          "numPassingAsserts": 0,
          "status": "pending",
          "title": "Estimate internal transfer to allocated implicit"
        },
        {
          "ancestorTitles": [
            "Estimate scenario using: https://api.tez.ie/rpc/falphanet"
          ],
          "duration": 0,
          "failureDetails": [],
          "failureMessages": [],
          "fullName": "Estimate scenario using: https://api.tez.ie/rpc/falphanet Estimate internal transfer to allocated implicit",
          "location": null,
          "numPassingAsserts": 0,
          "status": "pending",
          "title": "Estimate internal transfer to allocated implicit"
        },
        {
          "ancestorTitles": [
            "Estimate scenario using: https://api.tez.ie/rpc/falphanet"
          ],
          "duration": 0,
          "failureDetails": [],
          "failureMessages": [],
          "fullName": "Estimate scenario using: https://api.tez.ie/rpc/falphanet Estimate internal transfer to allocated implicit",
          "location": null,
          "numPassingAsserts": 0,
          "status": "pending",
          "title": "Estimate internal transfer to allocated implicit"
        },
        {
          "ancestorTitles": [
            "Estimate scenario using: https://api.tez.ie/rpc/falphanet"
          ],
          "duration": 0,
          "failureDetails": [],
          "failureMessages": [],
          "fullName": "Estimate scenario using: https://api.tez.ie/rpc/falphanet Estimate to multiple internal transfer to unallocated account",
          "location": null,
          "numPassingAsserts": 0,
          "status": "pending",
          "title": "Estimate to multiple internal transfer to unallocated account"
        },
        {
          "ancestorTitles": [
            "Estimate scenario using: https://api.tez.ie/rpc/falphanet"
          ],
          "duration": 0,
          "failureDetails": [],
          "failureMessages": [],
          "fullName": "Estimate scenario using: https://api.tez.ie/rpc/falphanet Estimate to multiple internal transfer to unallocated account",
          "location": null,
          "numPassingAsserts": 0,
          "status": "pending",
          "title": "Estimate to multiple internal transfer to unallocated account"
        },
        {
          "ancestorTitles": [
            "Estimate scenario using: https://api.tez.ie/rpc/falphanet"
          ],
          "duration": 0,
          "failureDetails": [],
          "failureMessages": [],
          "fullName": "Estimate scenario using: https://api.tez.ie/rpc/falphanet Estimate to multiple internal transfer to unallocated account",
          "location": null,
          "numPassingAsserts": 0,
          "status": "pending",
          "title": "Estimate to multiple internal transfer to unallocated account"
        },
        {
          "ancestorTitles": [
            "Estimate scenario using: https://api.tez.ie/rpc/falphanet"
          ],
          "duration": 0,
          "failureDetails": [],
          "failureMessages": [],
          "fullName": "Estimate scenario using: https://api.tez.ie/rpc/falphanet Estimate internal origination",
          "location": null,
          "numPassingAsserts": 0,
          "status": "pending",
          "title": "Estimate internal origination"
        },
        {
          "ancestorTitles": [
            "Estimate scenario using: https://api.tez.ie/rpc/falphanet"
          ],
          "duration": 0,
          "failureDetails": [],
          "failureMessages": [],
          "fullName": "Estimate scenario using: https://api.tez.ie/rpc/falphanet Estimate internal origination",
          "location": null,
          "numPassingAsserts": 0,
          "status": "pending",
          "title": "Estimate internal origination"
        },
        {
          "ancestorTitles": [
            "Estimate scenario using: https://api.tez.ie/rpc/falphanet"
          ],
          "duration": 0,
          "failureDetails": [],
          "failureMessages": [],
          "fullName": "Estimate scenario using: https://api.tez.ie/rpc/falphanet Estimate internal origination",
          "location": null,
          "numPassingAsserts": 0,
          "status": "pending",
          "title": "Estimate internal origination"
        },
        {
          "ancestorTitles": [
            "Estimate scenario using: https://api.tez.ie/rpc/falphanet"
          ],
          "duration": 0,
          "failureDetails": [],
          "failureMessages": [],
          "fullName": "Estimate scenario using: https://api.tez.ie/rpc/falphanet Estimate multiple internal origination",
          "location": null,
          "numPassingAsserts": 0,
          "status": "pending",
          "title": "Estimate multiple internal origination"
        },
        {
          "ancestorTitles": [
            "Estimate scenario using: https://api.tez.ie/rpc/falphanet"
          ],
          "duration": 0,
          "failureDetails": [],
          "failureMessages": [],
          "fullName": "Estimate scenario using: https://api.tez.ie/rpc/falphanet Estimate multiple internal origination",
          "location": null,
          "numPassingAsserts": 0,
          "status": "pending",
          "title": "Estimate multiple internal origination"
        },
        {
          "ancestorTitles": [
            "Estimate scenario using: https://api.tez.ie/rpc/falphanet"
          ],
          "duration": 0,
          "failureDetails": [],
          "failureMessages": [],
          "fullName": "Estimate scenario using: https://api.tez.ie/rpc/falphanet Estimate multiple internal origination",
          "location": null,
          "numPassingAsserts": 0,
          "status": "pending",
          "title": "Estimate multiple internal origination"
        },
        {
          "ancestorTitles": [
            "Estimate with very low balance using: https://api.tez.ie/rpc/falphanet"
          ],
          "duration": 0,
          "failureDetails": [],
          "failureMessages": [],
          "fullName": "Estimate with very low balance using: https://api.tez.ie/rpc/falphanet Estimate transfer to regular address",
          "location": null,
          "numPassingAsserts": 0,
          "status": "pending",
          "title": "Estimate transfer to regular address"
        },
        {
          "ancestorTitles": [
            "Estimate with very low balance using: https://api.tez.ie/rpc/falphanet"
          ],
          "duration": 0,
          "failureDetails": [],
          "failureMessages": [],
          "fullName": "Estimate with very low balance using: https://api.tez.ie/rpc/falphanet Estimate transfer to regular address",
          "location": null,
          "numPassingAsserts": 0,
          "status": "pending",
          "title": "Estimate transfer to regular address"
        },
        {
          "ancestorTitles": [
            "Estimate with very low balance using: https://api.tez.ie/rpc/falphanet"
          ],
          "duration": 0,
          "failureDetails": [],
          "failureMessages": [],
          "fullName": "Estimate with very low balance using: https://api.tez.ie/rpc/falphanet Estimate transfer to regular address",
          "location": null,
          "numPassingAsserts": 0,
          "status": "pending",
          "title": "Estimate transfer to regular address"
        },
        {
          "ancestorTitles": [
            "Estimate with very low balance using: https://api.tez.ie/rpc/falphanet"
          ],
          "duration": 3337,
          "failureDetails": [],
          "failureMessages": [],
          "fullName": "Estimate with very low balance using: https://api.tez.ie/rpc/falphanet Estimate transfer to regular address with a fixed fee",
          "location": null,
          "numPassingAsserts": 0,
          "status": "passed",
          "title": "Estimate transfer to regular address with a fixed fee"
        },
        {
          "ancestorTitles": [
            "Estimate with very low balance using: https://api.tez.ie/rpc/falphanet"
          ],
          "duration": 3213,
          "failureDetails": [],
          "failureMessages": [],
          "fullName": "Estimate with very low balance using: https://api.tez.ie/rpc/falphanet Estimate transfer to regular address with insufficient balance",
          "location": null,
          "numPassingAsserts": 0,
          "status": "passed",
          "title": "Estimate transfer to regular address with insufficient balance"
        },
        {
          "ancestorTitles": [
            "Estimate with very low balance using: https://api.tez.ie/rpc/falphanet"
          ],
          "duration": 3680,
          "failureDetails": [],
          "failureMessages": [],
          "fullName": "Estimate with very low balance using: https://api.tez.ie/rpc/falphanet Estimate transfer to regular address with insufficient balance to pay storage for allocation",
          "location": null,
          "numPassingAsserts": 0,
          "status": "passed",
          "title": "Estimate transfer to regular address with insufficient balance to pay storage for allocation"
        },
        {
          "ancestorTitles": [
            "Estimate with very low balance using: https://api.tez.ie/rpc/falphanet"
          ],
          "duration": 4039,
          "failureDetails": [],
          "failureMessages": [],
          "fullName": "Estimate with very low balance using: https://api.tez.ie/rpc/falphanet Estimate origination with insufficient balance to pay storage",
          "location": null,
          "numPassingAsserts": 0,
          "status": "passed",
          "title": "Estimate origination with insufficient balance to pay storage"
        }
      ],
      "failureMessage": null
    },
    {
      "leaks": false,
      "numFailingTests": 0,
      "numPassingTests": 4,
      "numPendingTests": 27,
      "numTodoTests": 0,
      "openHandles": [],
      "perfStats": {
        "end": 1614921200766,
        "runtime": 69176,
        "slow": true,
        "start": 1614921131590
      },
      "skipped": false,
      "snapshot": {
        "added": 0,
        "fileDeleted": false,
        "matched": 0,
        "unchecked": 0,
        "unmatched": 0,
        "updated": 0,
        "uncheckedKeys": []
      },
      "testFilePath": "/home/roxaneletourneau/src/ecadlabs/taquito2/taquito/integration-tests/wallet-estimation-tests.spec.ts",
      "testResults": [
        {
          "ancestorTitles": [
            "Estimate scenario for contract made with wallet api using: https://api.tez.ie/rpc/falphanet"
          ],
          "duration": 1,
          "failureDetails": [],
          "failureMessages": [],
          "fullName": "Estimate scenario for contract made with wallet api using: https://api.tez.ie/rpc/falphanet Estimate transfer with allocated destination",
          "location": null,
          "numPassingAsserts": 0,
          "status": "pending",
          "title": "Estimate transfer with allocated destination"
        },
        {
          "ancestorTitles": [
            "Estimate scenario for contract made with wallet api using: https://api.tez.ie/rpc/falphanet"
          ],
          "duration": 0,
          "failureDetails": [],
          "failureMessages": [],
          "fullName": "Estimate scenario for contract made with wallet api using: https://api.tez.ie/rpc/falphanet Estimate transfer with allocated destination",
          "location": null,
          "numPassingAsserts": 0,
          "status": "pending",
          "title": "Estimate transfer with allocated destination"
        },
        {
          "ancestorTitles": [
            "Estimate scenario for contract made with wallet api using: https://api.tez.ie/rpc/falphanet"
          ],
          "duration": 0,
          "failureDetails": [],
          "failureMessages": [],
          "fullName": "Estimate scenario for contract made with wallet api using: https://api.tez.ie/rpc/falphanet Estimate transfer with allocated destination",
          "location": null,
          "numPassingAsserts": 0,
          "status": "pending",
          "title": "Estimate transfer with allocated destination"
        },
        {
          "ancestorTitles": [
            "Estimate scenario for contract made with wallet api using: https://api.tez.ie/rpc/falphanet"
          ],
          "duration": 0,
          "failureDetails": [],
          "failureMessages": [],
          "fullName": "Estimate scenario for contract made with wallet api using: https://api.tez.ie/rpc/falphanet Estimate transfer with unallocated destination",
          "location": null,
          "numPassingAsserts": 0,
          "status": "pending",
          "title": "Estimate transfer with unallocated destination"
        },
        {
          "ancestorTitles": [
            "Estimate scenario for contract made with wallet api using: https://api.tez.ie/rpc/falphanet"
          ],
          "duration": 0,
          "failureDetails": [],
          "failureMessages": [],
          "fullName": "Estimate scenario for contract made with wallet api using: https://api.tez.ie/rpc/falphanet Estimate transfer with unallocated destination",
          "location": null,
          "numPassingAsserts": 0,
          "status": "pending",
          "title": "Estimate transfer with unallocated destination"
        },
        {
          "ancestorTitles": [
            "Estimate scenario for contract made with wallet api using: https://api.tez.ie/rpc/falphanet"
          ],
          "duration": 0,
          "failureDetails": [],
          "failureMessages": [],
          "fullName": "Estimate scenario for contract made with wallet api using: https://api.tez.ie/rpc/falphanet Estimate transfer with unallocated destination",
          "location": null,
          "numPassingAsserts": 0,
          "status": "pending",
          "title": "Estimate transfer with unallocated destination"
        },
        {
          "ancestorTitles": [
            "Estimate scenario for contract made with wallet api using: https://api.tez.ie/rpc/falphanet"
          ],
          "duration": 0,
          "failureDetails": [],
          "failureMessages": [],
          "fullName": "Estimate scenario for contract made with wallet api using: https://api.tez.ie/rpc/falphanet Estimate simple origination",
          "location": null,
          "numPassingAsserts": 0,
          "status": "pending",
          "title": "Estimate simple origination"
        },
        {
          "ancestorTitles": [
            "Estimate scenario for contract made with wallet api using: https://api.tez.ie/rpc/falphanet"
          ],
          "duration": 0,
          "failureDetails": [],
          "failureMessages": [],
          "fullName": "Estimate scenario for contract made with wallet api using: https://api.tez.ie/rpc/falphanet Estimate simple origination",
          "location": null,
          "numPassingAsserts": 0,
          "status": "pending",
          "title": "Estimate simple origination"
        },
        {
          "ancestorTitles": [
            "Estimate scenario for contract made with wallet api using: https://api.tez.ie/rpc/falphanet"
          ],
          "duration": 0,
          "failureDetails": [],
          "failureMessages": [],
          "fullName": "Estimate scenario for contract made with wallet api using: https://api.tez.ie/rpc/falphanet Estimate simple origination",
          "location": null,
          "numPassingAsserts": 0,
          "status": "pending",
          "title": "Estimate simple origination"
        },
        {
          "ancestorTitles": [
            "Estimate scenario for contract made with wallet api using: https://api.tez.ie/rpc/falphanet"
          ],
          "duration": 0,
          "failureDetails": [],
          "failureMessages": [],
          "fullName": "Estimate scenario for contract made with wallet api using: https://api.tez.ie/rpc/falphanet Estimate setDelegate",
          "location": null,
          "numPassingAsserts": 0,
          "status": "pending",
          "title": "Estimate setDelegate"
        },
        {
          "ancestorTitles": [
            "Estimate scenario for contract made with wallet api using: https://api.tez.ie/rpc/falphanet"
          ],
          "duration": 0,
          "failureDetails": [],
          "failureMessages": [],
          "fullName": "Estimate scenario for contract made with wallet api using: https://api.tez.ie/rpc/falphanet Estimate setDelegate",
          "location": null,
          "numPassingAsserts": 0,
          "status": "pending",
          "title": "Estimate setDelegate"
        },
        {
          "ancestorTitles": [
            "Estimate scenario for contract made with wallet api using: https://api.tez.ie/rpc/falphanet"
          ],
          "duration": 0,
          "failureDetails": [],
          "failureMessages": [],
          "fullName": "Estimate scenario for contract made with wallet api using: https://api.tez.ie/rpc/falphanet Estimate setDelegate",
          "location": null,
          "numPassingAsserts": 0,
          "status": "pending",
          "title": "Estimate setDelegate"
        },
        {
          "ancestorTitles": [
            "Estimate scenario for contract made with wallet api using: https://api.tez.ie/rpc/falphanet"
          ],
          "duration": 0,
          "failureDetails": [],
          "failureMessages": [],
          "fullName": "Estimate scenario for contract made with wallet api using: https://api.tez.ie/rpc/falphanet Estimate internal transfer to allocated implicit",
          "location": null,
          "numPassingAsserts": 0,
          "status": "pending",
          "title": "Estimate internal transfer to allocated implicit"
        },
        {
          "ancestorTitles": [
            "Estimate scenario for contract made with wallet api using: https://api.tez.ie/rpc/falphanet"
          ],
          "duration": 0,
          "failureDetails": [],
          "failureMessages": [],
          "fullName": "Estimate scenario for contract made with wallet api using: https://api.tez.ie/rpc/falphanet Estimate internal transfer to allocated implicit",
          "location": null,
          "numPassingAsserts": 0,
          "status": "pending",
          "title": "Estimate internal transfer to allocated implicit"
        },
        {
          "ancestorTitles": [
            "Estimate scenario for contract made with wallet api using: https://api.tez.ie/rpc/falphanet"
          ],
          "duration": 0,
          "failureDetails": [],
          "failureMessages": [],
          "fullName": "Estimate scenario for contract made with wallet api using: https://api.tez.ie/rpc/falphanet Estimate internal transfer to allocated implicit",
          "location": null,
          "numPassingAsserts": 0,
          "status": "pending",
          "title": "Estimate internal transfer to allocated implicit"
        },
        {
          "ancestorTitles": [
            "Estimate scenario for contract made with wallet api using: https://api.tez.ie/rpc/falphanet"
          ],
          "duration": 0,
          "failureDetails": [],
          "failureMessages": [],
          "fullName": "Estimate scenario for contract made with wallet api using: https://api.tez.ie/rpc/falphanet Estimate to multiple internal transfer to unallocated account",
          "location": null,
          "numPassingAsserts": 0,
          "status": "pending",
          "title": "Estimate to multiple internal transfer to unallocated account"
        },
        {
          "ancestorTitles": [
            "Estimate scenario for contract made with wallet api using: https://api.tez.ie/rpc/falphanet"
          ],
          "duration": 0,
          "failureDetails": [],
          "failureMessages": [],
          "fullName": "Estimate scenario for contract made with wallet api using: https://api.tez.ie/rpc/falphanet Estimate to multiple internal transfer to unallocated account",
          "location": null,
          "numPassingAsserts": 0,
          "status": "pending",
          "title": "Estimate to multiple internal transfer to unallocated account"
        },
        {
          "ancestorTitles": [
            "Estimate scenario for contract made with wallet api using: https://api.tez.ie/rpc/falphanet"
          ],
          "duration": 0,
          "failureDetails": [],
          "failureMessages": [],
          "fullName": "Estimate scenario for contract made with wallet api using: https://api.tez.ie/rpc/falphanet Estimate to multiple internal transfer to unallocated account",
          "location": null,
          "numPassingAsserts": 0,
          "status": "pending",
          "title": "Estimate to multiple internal transfer to unallocated account"
        },
        {
          "ancestorTitles": [
            "Estimate scenario for contract made with wallet api using: https://api.tez.ie/rpc/falphanet"
          ],
          "duration": 0,
          "failureDetails": [],
          "failureMessages": [],
          "fullName": "Estimate scenario for contract made with wallet api using: https://api.tez.ie/rpc/falphanet Estimate internal origination",
          "location": null,
          "numPassingAsserts": 0,
          "status": "pending",
          "title": "Estimate internal origination"
        },
        {
          "ancestorTitles": [
            "Estimate scenario for contract made with wallet api using: https://api.tez.ie/rpc/falphanet"
          ],
          "duration": 0,
          "failureDetails": [],
          "failureMessages": [],
          "fullName": "Estimate scenario for contract made with wallet api using: https://api.tez.ie/rpc/falphanet Estimate internal origination",
          "location": null,
          "numPassingAsserts": 0,
          "status": "pending",
          "title": "Estimate internal origination"
        },
        {
          "ancestorTitles": [
            "Estimate scenario for contract made with wallet api using: https://api.tez.ie/rpc/falphanet"
          ],
          "duration": 0,
          "failureDetails": [],
          "failureMessages": [],
          "fullName": "Estimate scenario for contract made with wallet api using: https://api.tez.ie/rpc/falphanet Estimate internal origination",
          "location": null,
          "numPassingAsserts": 0,
          "status": "pending",
          "title": "Estimate internal origination"
        },
        {
          "ancestorTitles": [
            "Estimate scenario for contract made with wallet api using: https://api.tez.ie/rpc/falphanet"
          ],
          "duration": 0,
          "failureDetails": [],
          "failureMessages": [],
          "fullName": "Estimate scenario for contract made with wallet api using: https://api.tez.ie/rpc/falphanet Estimate multiple internal origination",
          "location": null,
          "numPassingAsserts": 0,
          "status": "pending",
          "title": "Estimate multiple internal origination"
        },
        {
          "ancestorTitles": [
            "Estimate scenario for contract made with wallet api using: https://api.tez.ie/rpc/falphanet"
          ],
          "duration": 0,
          "failureDetails": [],
          "failureMessages": [],
          "fullName": "Estimate scenario for contract made with wallet api using: https://api.tez.ie/rpc/falphanet Estimate multiple internal origination",
          "location": null,
          "numPassingAsserts": 0,
          "status": "pending",
          "title": "Estimate multiple internal origination"
        },
        {
          "ancestorTitles": [
            "Estimate scenario for contract made with wallet api using: https://api.tez.ie/rpc/falphanet"
          ],
          "duration": 0,
          "failureDetails": [],
          "failureMessages": [],
          "fullName": "Estimate scenario for contract made with wallet api using: https://api.tez.ie/rpc/falphanet Estimate multiple internal origination",
          "location": null,
          "numPassingAsserts": 0,
          "status": "pending",
          "title": "Estimate multiple internal origination"
        },
        {
          "ancestorTitles": [
            "Estimate with very low balance using: https://api.tez.ie/rpc/falphanet"
          ],
          "duration": 0,
          "failureDetails": [],
          "failureMessages": [],
          "fullName": "Estimate with very low balance using: https://api.tez.ie/rpc/falphanet Estimate transfer to regular address",
          "location": null,
          "numPassingAsserts": 0,
          "status": "pending",
          "title": "Estimate transfer to regular address"
        },
        {
          "ancestorTitles": [
            "Estimate with very low balance using: https://api.tez.ie/rpc/falphanet"
          ],
          "duration": 0,
          "failureDetails": [],
          "failureMessages": [],
          "fullName": "Estimate with very low balance using: https://api.tez.ie/rpc/falphanet Estimate transfer to regular address",
          "location": null,
          "numPassingAsserts": 0,
          "status": "pending",
          "title": "Estimate transfer to regular address"
        },
        {
          "ancestorTitles": [
            "Estimate with very low balance using: https://api.tez.ie/rpc/falphanet"
          ],
          "duration": 0,
          "failureDetails": [],
          "failureMessages": [],
          "fullName": "Estimate with very low balance using: https://api.tez.ie/rpc/falphanet Estimate transfer to regular address",
          "location": null,
          "numPassingAsserts": 0,
          "status": "pending",
          "title": "Estimate transfer to regular address"
        },
        {
          "ancestorTitles": [
            "Estimate with very low balance using: https://api.tez.ie/rpc/falphanet"
          ],
          "duration": 3466,
          "failureDetails": [],
          "failureMessages": [],
          "fullName": "Estimate with very low balance using: https://api.tez.ie/rpc/falphanet Estimate transfer to regular address with a fixed fee",
          "location": null,
          "numPassingAsserts": 0,
          "status": "passed",
          "title": "Estimate transfer to regular address with a fixed fee"
        },
        {
          "ancestorTitles": [
            "Estimate with very low balance using: https://api.tez.ie/rpc/falphanet"
          ],
          "duration": 3276,
          "failureDetails": [],
          "failureMessages": [],
          "fullName": "Estimate with very low balance using: https://api.tez.ie/rpc/falphanet Estimate transfer to regular address with unsufficient balance",
          "location": null,
          "numPassingAsserts": 0,
          "status": "passed",
          "title": "Estimate transfer to regular address with unsufficient balance"
        },
        {
          "ancestorTitles": [
            "Estimate with very low balance using: https://api.tez.ie/rpc/falphanet"
          ],
          "duration": 3811,
          "failureDetails": [],
          "failureMessages": [],
          "fullName": "Estimate with very low balance using: https://api.tez.ie/rpc/falphanet Estimate transfer to regular address with unsufficient balance to pay storage for allocation",
          "location": null,
          "numPassingAsserts": 0,
          "status": "passed",
          "title": "Estimate transfer to regular address with unsufficient balance to pay storage for allocation"
        },
        {
          "ancestorTitles": [
            "Estimate with very low balance using: https://api.tez.ie/rpc/falphanet"
          ],
          "duration": 3802,
          "failureDetails": [],
          "failureMessages": [],
          "fullName": "Estimate with very low balance using: https://api.tez.ie/rpc/falphanet Estimate origination with unsufficient balance to pay storage",
          "location": null,
          "numPassingAsserts": 0,
          "status": "passed",
          "title": "Estimate origination with unsufficient balance to pay storage"
        }
      ],
      "failureMessage": null
    },
    {
      "leaks": false,
      "numFailingTests": 1,
      "numPassingTests": 0,
      "numPendingTests": 0,
      "numTodoTests": 0,
      "openHandles": [],
      "perfStats": {
        "end": 1614921235581,
        "runtime": 104021,
        "slow": true,
        "start": 1614921131560
      },
      "skipped": false,
      "snapshot": {
        "added": 0,
        "fileDeleted": false,
        "matched": 0,
        "unchecked": 0,
        "unmatched": 0,
        "updated": 0,
        "uncheckedKeys": []
      },
      "testFilePath": "/home/roxaneletourneau/src/ecadlabs/taquito2/taquito/integration-tests/multisig-contract-scenario.spec.ts",
      "testResults": [
        {
          "ancestorTitles": [
            "Generic Multisig: https://api.tez.ie/rpc/falphanet"
          ],
          "duration": 101250,
          "failureDetails": [
            {
              "actual": "",
              "error": {
                "results": [
                  "4113e795a5fd219d1af51bfa5ff7c404cccb78db209f2f210922f5ecaacc5cbd6c0288eda832aa0c9d84403303f4a5515c5988ee98df00870f80bd3fe0d40300019605ac278870e17d981da8af44872c302ef145de00ffff046d61696e00000128070707070000050502000000420320053d036d0743035d0100000024747a31655935417161316b5844466f6965624c3238656d7958466f6e65416f5667317a68031e0743036a00b407034f034d031b02000000d40509010000006270327369677057436e53696f553968626772506b3137384a327669734c644c4364383150393344447a5a464c534b53565a357454675a4d5735374152473771794d72646b796b7132634145445841507358374c3659586f383633545a6e6d56707569050901000000627032736967636645365239354373574a5a475a704b6b44727862554350655455687a6a6377326f5a58534e744a4345454a53646469746e466b37456477797173684d774665525663686f6a325033447a6178346a47686257613370516e7a336e71390306",
                  "4113e795a5fd219d1af51bfa5ff7c404cccb78db209f2f210922f5ecaacc5cbd6c0288eda832aa0c9d84403303f4a5515c5988ee98df00870f80bd3fe0d40300019605ac278870e17d981da8af44872c302ef145de00ff0500000128070707070000050502000000420320053d036d0743035d0100000024747a31655935417161316b5844466f6965624c3238656d7958466f6e65416f5667317a68031e0743036a00b407034f034d031b02000000d40509010000006270327369677057436e53696f553968626772506b3137384a327669734c644c4364383150393344447a5a464c534b53565a357454675a4d5735374152473771794d72646b796b7132634145445841507358374c3659586f383633545a6e6d56707569050901000000627032736967636645365239354373574a5a475a704b6b44727862554350655455687a6a6377326f5a58534e744a4345454a53646469746e466b37456477797173684d774665525663686f6a325033447a6178346a47686257613370516e7a336e71390306"
                ],
                "name": "ForgingMismatchError",
                "message": "Forging mismatch error"
              },
              "expected": "",
              "matcherName": "",
              "message": "ForgingMismatchError: Forging mismatch error",
              "passed": false,
              "stack": "ForgingMismatchError: Forging mismatch error\n\nError: \n    at new Spec (/home/roxaneletourneau/src/ecadlabs/taquito2/taquito/integration-tests/node_modules/@jest/core/node_modules/jest-jasmine2/build/jasmine/Spec.js:116:22)\n    at new Spec (/home/roxaneletourneau/src/ecadlabs/taquito2/taquito/integration-tests/node_modules/@jest/core/node_modules/jest-jasmine2/build/setup_jest_globals.js:78:9)\n    at specFactory (/home/roxaneletourneau/src/ecadlabs/taquito2/taquito/integration-tests/node_modules/@jest/core/node_modules/jest-jasmine2/build/jasmine/Env.js:523:24)\n    at Env.it (/home/roxaneletourneau/src/ecadlabs/taquito2/taquito/integration-tests/node_modules/@jest/core/node_modules/jest-jasmine2/build/jasmine/Env.js:592:24)\n    at Env.it (/home/roxaneletourneau/src/ecadlabs/taquito2/taquito/integration-tests/node_modules/@jest/core/node_modules/jest-jasmine2/build/jasmineAsyncInstall.js:134:23)\n    at it (/home/roxaneletourneau/src/ecadlabs/taquito2/taquito/integration-tests/node_modules/@jest/core/node_modules/jest-jasmine2/build/jasmine/jasmineLight.js:100:21)\n    at retry (/home/roxaneletourneau/src/ecadlabs/taquito2/taquito/integration-tests/node_modules/jest-retries/src/retry.js:28:5)\n    at Suite.<anonymous> (/home/roxaneletourneau/src/ecadlabs/taquito2/taquito/integration-tests/multisig-contract-scenario.spec.ts:14:5)\n    at addSpecsToSuite (/home/roxaneletourneau/src/ecadlabs/taquito2/taquito/integration-tests/node_modules/@jest/core/node_modules/jest-jasmine2/build/jasmine/Env.js:444:51)\n    at Env.describe (/home/roxaneletourneau/src/ecadlabs/taquito2/taquito/integration-tests/node_modules/@jest/core/node_modules/jest-jasmine2/build/jasmine/Env.js:414:11)"
            }
          ],
          "failureMessages": [
            "ForgingMismatchError: Forging mismatch error\n\nError: \n    at new Spec (/home/roxaneletourneau/src/ecadlabs/taquito2/taquito/integration-tests/node_modules/@jest/core/node_modules/jest-jasmine2/build/jasmine/Spec.js:116:22)\n    at new Spec (/home/roxaneletourneau/src/ecadlabs/taquito2/taquito/integration-tests/node_modules/@jest/core/node_modules/jest-jasmine2/build/setup_jest_globals.js:78:9)\n    at specFactory (/home/roxaneletourneau/src/ecadlabs/taquito2/taquito/integration-tests/node_modules/@jest/core/node_modules/jest-jasmine2/build/jasmine/Env.js:523:24)\n    at Env.it (/home/roxaneletourneau/src/ecadlabs/taquito2/taquito/integration-tests/node_modules/@jest/core/node_modules/jest-jasmine2/build/jasmine/Env.js:592:24)\n    at Env.it (/home/roxaneletourneau/src/ecadlabs/taquito2/taquito/integration-tests/node_modules/@jest/core/node_modules/jest-jasmine2/build/jasmineAsyncInstall.js:134:23)\n    at it (/home/roxaneletourneau/src/ecadlabs/taquito2/taquito/integration-tests/node_modules/@jest/core/node_modules/jest-jasmine2/build/jasmine/jasmineLight.js:100:21)\n    at retry (/home/roxaneletourneau/src/ecadlabs/taquito2/taquito/integration-tests/node_modules/jest-retries/src/retry.js:28:5)\n    at Suite.<anonymous> (/home/roxaneletourneau/src/ecadlabs/taquito2/taquito/integration-tests/multisig-contract-scenario.spec.ts:14:5)\n    at addSpecsToSuite (/home/roxaneletourneau/src/ecadlabs/taquito2/taquito/integration-tests/node_modules/@jest/core/node_modules/jest-jasmine2/build/jasmine/Env.js:444:51)\n    at Env.describe (/home/roxaneletourneau/src/ecadlabs/taquito2/taquito/integration-tests/node_modules/@jest/core/node_modules/jest-jasmine2/build/jasmine/Env.js:414:11)"
          ],
          "fullName": "Generic Multisig: https://api.tez.ie/rpc/falphanet test manager transfers scenarios for Babylon/005",
          "location": null,
          "numPassingAsserts": 0,
          "status": "failed",
          "title": "test manager transfers scenarios for Babylon/005"
        }
      ],
      "failureMessage": "\u001b[1m\u001b[31m  \u001b[1m● \u001b[22m\u001b[1mGeneric Multisig: https://api.tez.ie/rpc/falphanet › test manager transfers scenarios for Babylon/005\u001b[39m\u001b[22m\n\n    ForgingMismatchError: Forging mismatch error\n\u001b[2m\u001b[22m\n\u001b[2m    \u001b[0m \u001b[90m 12 | \u001b[39m      done()\u001b[0m\u001b[22m\n\u001b[2m    \u001b[0m \u001b[90m 13 | \u001b[39m    })\u001b[0m\u001b[22m\n\u001b[2m    \u001b[0m\u001b[31m\u001b[1m>\u001b[22m\u001b[2m\u001b[39m\u001b[90m 14 | \u001b[39m    test(\u001b[32m'test manager transfers scenarios for Babylon/005'\u001b[39m\u001b[33m,\u001b[39m \u001b[35m2\u001b[39m\u001b[33m,\u001b[39m async (done\u001b[33m:\u001b[39m () \u001b[33m=>\u001b[39m \u001b[36mvoid\u001b[39m) \u001b[33m=>\u001b[39m {\u001b[0m\u001b[22m\n\u001b[2m    \u001b[0m \u001b[90m    | \u001b[39m    \u001b[31m\u001b[1m^\u001b[22m\u001b[2m\u001b[39m\u001b[0m\u001b[22m\n\u001b[2m    \u001b[0m \u001b[90m 15 | \u001b[39m      \u001b[36mconst\u001b[39m account1 \u001b[33m=\u001b[39m await createAddress()\u001b[33m;\u001b[39m\u001b[0m\u001b[22m\n\u001b[2m    \u001b[0m \u001b[90m 16 | \u001b[39m      \u001b[36mconst\u001b[39m account2 \u001b[33m=\u001b[39m await createAddress()\u001b[33m;\u001b[39m\u001b[0m\u001b[22m\n\u001b[2m    \u001b[0m \u001b[90m 17 | \u001b[39m      \u001b[36mconst\u001b[39m account3 \u001b[33m=\u001b[39m await createAddress()\u001b[33m;\u001b[39m\u001b[0m\u001b[22m\n\u001b[2m\u001b[22m\n\u001b[2m      \u001b[2mat new Spec (\u001b[22m\u001b[2mnode_modules/@jest/core/node_modules/jest-jasmine2/build/jasmine/Spec.js\u001b[2m:116:22)\u001b[22m\u001b[2m\u001b[22m\n\u001b[2m      \u001b[2mat retry (\u001b[22m\u001b[2mnode_modules/jest-retries/src/retry.js\u001b[2m:28:5)\u001b[22m\u001b[2m\u001b[22m\n\u001b[2m      \u001b[2mat Suite.<anonymous> (\u001b[22m\u001b[2m\u001b[0m\u001b[36mmultisig-contract-scenario.spec.ts\u001b[39m\u001b[0m\u001b[2m:14:5)\u001b[22m\u001b[2m\u001b[22m\n"
    },
    {
      "leaks": false,
      "numFailingTests": 0,
      "numPassingTests": 4,
      "numPendingTests": 0,
      "numTodoTests": 0,
      "openHandles": [],
      "perfStats": {
        "end": 1614921240908,
        "runtime": 109200,
        "slow": true,
        "start": 1614921131708
      },
      "skipped": false,
      "snapshot": {
        "added": 0,
        "fileDeleted": false,
        "matched": 0,
        "unchecked": 0,
        "unmatched": 0,
        "updated": 0,
        "uncheckedKeys": []
      },
      "testFilePath": "/home/roxaneletourneau/src/ecadlabs/taquito2/taquito/integration-tests/tzip16-originate-contracts-with-metadata-on-HTTPS-and-sha256-hash-and-fetch-metadata.spec.ts",
      "testResults": [
        {
          "ancestorTitles": [
            "Originating contracts having metadata stored at HTTPS URL using: https://api.tez.ie/rpc/falphanet"
          ],
          "duration": 42235,
          "failureDetails": [],
          "failureMessages": [],
          "fullName": "Originating contracts having metadata stored at HTTPS URL using: https://api.tez.ie/rpc/falphanet Deploy a contract having a sha256 hash in URI",
          "location": null,
          "numPassingAsserts": 0,
          "status": "passed",
          "title": "Deploy a contract having a sha256 hash in URI"
        },
        {
          "ancestorTitles": [
            "Originating contracts having metadata stored at HTTPS URL using: https://api.tez.ie/rpc/falphanet"
          ],
          "duration": 2990,
          "failureDetails": [],
          "failureMessages": [],
          "fullName": "Originating contracts having metadata stored at HTTPS URL using: https://api.tez.ie/rpc/falphanet Fetch metadata of the contract having a sha256 hash in URI",
          "location": null,
          "numPassingAsserts": 0,
          "status": "passed",
          "title": "Fetch metadata of the contract having a sha256 hash in URI"
        },
        {
          "ancestorTitles": [
            "Originating contracts having metadata stored at HTTPS URL using: https://api.tez.ie/rpc/falphanet"
          ],
          "duration": 41197,
          "failureDetails": [],
          "failureMessages": [],
          "fullName": "Originating contracts having metadata stored at HTTPS URL using: https://api.tez.ie/rpc/falphanet Deploy a contract having an invalid sha256 hash in URI",
          "location": null,
          "numPassingAsserts": 0,
          "status": "passed",
          "title": "Deploy a contract having an invalid sha256 hash in URI"
        },
        {
          "ancestorTitles": [
            "Originating contracts having metadata stored at HTTPS URL using: https://api.tez.ie/rpc/falphanet"
          ],
          "duration": 2536,
          "failureDetails": [],
          "failureMessages": [],
          "fullName": "Originating contracts having metadata stored at HTTPS URL using: https://api.tez.ie/rpc/falphanet Fetch metadata of the contract having an invalid sha256 hash in URI",
          "location": null,
          "numPassingAsserts": 0,
          "status": "passed",
          "title": "Fetch metadata of the contract having an invalid sha256 hash in URI"
        }
      ],
      "failureMessage": null
    },
    {
      "leaks": false,
      "numFailingTests": 0,
      "numPassingTests": 2,
      "numPendingTests": 0,
      "numTodoTests": 0,
      "openHandles": [],
      "perfStats": {
        "end": 1614921397049,
        "runtime": 196202,
        "slow": true,
        "start": 1614921200847
      },
      "skipped": false,
      "snapshot": {
        "added": 0,
        "fileDeleted": false,
        "matched": 0,
        "unchecked": 0,
        "unmatched": 0,
        "updated": 0,
        "uncheckedKeys": []
      },
      "testFilePath": "/home/roxaneletourneau/src/ecadlabs/taquito2/taquito/integration-tests/contract-pair-as-key.spec.ts",
      "testResults": [
        {
          "ancestorTitles": [
            "Storage contract with pair as key using: https://api.tez.ie/rpc/falphanet"
          ],
          "duration": 52553,
          "failureDetails": [],
          "failureMessages": [],
          "fullName": "Storage contract with pair as key using: https://api.tez.ie/rpc/falphanet Storage contract with pair as key",
          "location": null,
          "numPassingAsserts": 0,
          "status": "passed",
          "title": "Storage contract with pair as key"
        },
        {
          "ancestorTitles": [
            "Storage contract with pair as key using: https://api.tez.ie/rpc/falphanet"
          ],
          "duration": 142553,
          "failureDetails": [],
          "failureMessages": [],
          "fullName": "Storage contract with pair as key using: https://api.tez.ie/rpc/falphanet originate contract and init storage with pair as key in map",
          "location": null,
          "numPassingAsserts": 0,
          "status": "passed",
          "title": "originate contract and init storage with pair as key in map"
        }
      ],
      "failureMessage": null
    },
    {
      "leaks": false,
      "numFailingTests": 0,
      "numPassingTests": 2,
      "numPendingTests": 0,
      "numTodoTests": 0,
      "openHandles": [],
      "perfStats": {
        "end": 1614921399819,
        "runtime": 164202,
        "slow": true,
        "start": 1614921235617
      },
      "skipped": false,
      "snapshot": {
        "added": 0,
        "fileDeleted": false,
        "matched": 0,
        "unchecked": 0,
        "unmatched": 0,
        "updated": 0,
        "uncheckedKeys": []
      },
      "testFilePath": "/home/roxaneletourneau/src/ecadlabs/taquito2/taquito/integration-tests/tzip16-originate-contract-having-metadata-on-IPFS-and-fetch-those.spec.ts",
      "testResults": [
        {
          "ancestorTitles": [
            "Originating contracts having metadata stored at HTTPS URL using: https://api.tez.ie/rpc/falphanet"
          ],
          "duration": 152344,
          "failureDetails": [],
          "failureMessages": [],
          "fullName": "Originating contracts having metadata stored at HTTPS URL using: https://api.tez.ie/rpc/falphanet Deploy a contract having metadata stored at on IPFS",
          "location": null,
          "numPassingAsserts": 0,
          "status": "passed",
          "title": "Deploy a contract having metadata stored at on IPFS"
        },
        {
          "ancestorTitles": [
            "Originating contracts having metadata stored at HTTPS URL using: https://api.tez.ie/rpc/falphanet"
          ],
          "duration": 2622,
          "failureDetails": [],
          "failureMessages": [],
          "fullName": "Originating contracts having metadata stored at HTTPS URL using: https://api.tez.ie/rpc/falphanet Should fetch metadata of the contract on IPFS",
          "location": null,
          "numPassingAsserts": 0,
          "status": "passed",
          "title": "Should fetch metadata of the contract on IPFS"
        }
      ],
      "failureMessage": null
    },
    {
      "leaks": false,
      "numFailingTests": 0,
      "numPassingTests": 4,
      "numPendingTests": 0,
      "numTodoTests": 0,
      "openHandles": [],
      "perfStats": {
        "end": 1614921403974,
        "runtime": 204035,
        "slow": true,
        "start": 1614921199939
      },
      "skipped": false,
      "snapshot": {
        "added": 0,
        "fileDeleted": false,
        "matched": 0,
        "unchecked": 0,
        "unmatched": 0,
        "updated": 0,
        "uncheckedKeys": []
      },
      "testFilePath": "/home/roxaneletourneau/src/ecadlabs/taquito2/taquito/integration-tests/tzip16-originate-wallets-with-metadata-on-itself-and-fetch-metadata.spec.ts",
      "testResults": [
        {
          "ancestorTitles": [
            "Originating wallet api contracts having metadata stored on chain: https://api.tez.ie/rpc/falphanet"
          ],
          "duration": 33793,
          "failureDetails": [],
          "failureMessages": [],
          "fullName": "Originating wallet api contracts having metadata stored on chain: https://api.tez.ie/rpc/falphanet Deploy a wallet api contract having metadata inside its own storage",
          "location": null,
          "numPassingAsserts": 0,
          "status": "passed",
          "title": "Deploy a wallet api contract having metadata inside its own storage"
        },
        {
          "ancestorTitles": [
            "Originating wallet api contracts having metadata stored on chain: https://api.tez.ie/rpc/falphanet"
          ],
          "duration": 3708,
          "failureDetails": [],
          "failureMessages": [],
          "fullName": "Originating wallet api contracts having metadata stored on chain: https://api.tez.ie/rpc/falphanet Fetch the metadata in the wallet api contract itself",
          "location": null,
          "numPassingAsserts": 0,
          "status": "passed",
          "title": "Fetch the metadata in the wallet api contract itself"
        },
        {
          "ancestorTitles": [
            "Originating wallet api contracts having metadata stored on chain: https://api.tez.ie/rpc/falphanet"
          ],
          "duration": 161865,
          "failureDetails": [],
          "failureMessages": [],
          "fullName": "Originating wallet api contracts having metadata stored on chain: https://api.tez.ie/rpc/falphanet Deploy a wallet api contract having metadata inside another contract same network",
          "location": null,
          "numPassingAsserts": 0,
          "status": "passed",
          "title": "Deploy a wallet api contract having metadata inside another contract same network"
        },
        {
          "ancestorTitles": [
            "Originating wallet api contracts having metadata stored on chain: https://api.tez.ie/rpc/falphanet"
          ],
          "duration": 3876,
          "failureDetails": [],
          "failureMessages": [],
          "fullName": "Originating wallet api contracts having metadata stored on chain: https://api.tez.ie/rpc/falphanet Fetch the metadata in the storage of the other wallet api contract",
          "location": null,
          "numPassingAsserts": 0,
          "status": "passed",
          "title": "Fetch the metadata in the storage of the other wallet api contract"
        }
      ],
      "failureMessage": null
    },
    {
      "leaks": false,
      "numFailingTests": 0,
      "numPassingTests": 1,
      "numPendingTests": 0,
      "numTodoTests": 0,
      "openHandles": [],
      "perfStats": {
        "end": 1614921445526,
        "runtime": 45657,
        "slow": true,
        "start": 1614921399869
      },
      "skipped": false,
      "snapshot": {
        "added": 0,
        "fileDeleted": false,
        "matched": 0,
        "unchecked": 0,
        "unmatched": 0,
        "updated": 0,
        "uncheckedKeys": []
      },
      "testFilePath": "/home/roxaneletourneau/src/ecadlabs/taquito2/taquito/integration-tests/wallet-with-bigmap-init.spec.ts",
      "testResults": [
        {
          "ancestorTitles": [
            "Token with big map and with initial data using: https://api.tez.ie/rpc/falphanet"
          ],
          "duration": 44686,
          "failureDetails": [],
          "failureMessages": [],
          "fullName": "Token with big map and with initial data using: https://api.tez.ie/rpc/falphanet Originate token contract made from wallet API with big map and with initialize storage/bigmaps",
          "location": null,
          "numPassingAsserts": 0,
          "status": "passed",
          "title": "Originate token contract made from wallet API with big map and with initialize storage/bigmaps"
        }
      ],
      "failureMessage": null
    },
    {
      "leaks": false,
      "numFailingTests": 0,
      "numPassingTests": 1,
      "numPendingTests": 0,
      "numTodoTests": 0,
      "openHandles": [],
      "perfStats": {
        "end": 1614921452253,
        "runtime": 55156,
        "slow": true,
        "start": 1614921397097
      },
      "skipped": false,
      "snapshot": {
        "added": 0,
        "fileDeleted": false,
        "matched": 0,
        "unchecked": 0,
        "unmatched": 0,
        "updated": 0,
        "uncheckedKeys": []
      },
      "testFilePath": "/home/roxaneletourneau/src/ecadlabs/taquito2/taquito/integration-tests/contract-with-bigmap-init.spec.ts",
      "testResults": [
        {
          "ancestorTitles": [
            "Token with big map and with initial data using: https://api.tez.ie/rpc/falphanet"
          ],
          "duration": 54417,
          "failureDetails": [],
          "failureMessages": [],
          "fullName": "Token with big map and with initial data using: https://api.tez.ie/rpc/falphanet Originate token contract with big map and with initialize storage/bigmaps",
          "location": null,
          "numPassingAsserts": 0,
          "status": "passed",
          "title": "Originate token contract with big map and with initialize storage/bigmaps"
        }
      ],
      "failureMessage": null
    },
    {
      "leaks": false,
      "numFailingTests": 0,
      "numPassingTests": 1,
      "numPendingTests": 0,
      "numTodoTests": 0,
      "openHandles": [],
      "perfStats": {
        "end": 1614921484949,
        "runtime": 353353,
        "slow": true,
        "start": 1614921131596
      },
      "skipped": false,
      "snapshot": {
        "added": 0,
        "fileDeleted": false,
        "matched": 0,
        "unchecked": 0,
        "unmatched": 0,
        "updated": 0,
        "uncheckedKeys": []
      },
      "testFilePath": "/home/roxaneletourneau/src/ecadlabs/taquito2/taquito/integration-tests/manager-contract-scenario.spec.ts",
      "testResults": [
        {
          "ancestorTitles": [
            "Manager TZ: https://api.tez.ie/rpc/falphanet"
          ],
          "duration": 349490,
          "failureDetails": [],
          "failureMessages": [],
          "fullName": "Manager TZ: https://api.tez.ie/rpc/falphanet test manager transfers scenarios for Babylon/005",
          "location": null,
          "numPassingAsserts": 0,
          "status": "passed",
          "title": "test manager transfers scenarios for Babylon/005"
        }
      ],
      "failureMessage": null
    },
    {
      "leaks": false,
      "numFailingTests": 0,
      "numPassingTests": 0,
      "numPendingTests": 3,
      "numTodoTests": 0,
      "openHandles": [],
      "perfStats": {
        "end": 1614921493783,
        "runtime": 8789,
        "slow": true,
        "start": 1614921484994
      },
      "skipped": true,
      "snapshot": {
        "added": 0,
        "fileDeleted": false,
        "matched": 0,
        "unchecked": 0,
        "unmatched": 0,
        "updated": 0,
        "uncheckedKeys": []
      },
      "testFilePath": "/home/roxaneletourneau/src/ecadlabs/taquito2/taquito/integration-tests/wallet-originate-contract-with-sapling.spec.ts",
      "testResults": [
        {
          "ancestorTitles": [
            "Test origination of contracts made with wallet api with sapling using: https://api.tez.ie/rpc/falphanet"
          ],
          "duration": 1,
          "failureDetails": [],
          "failureMessages": [],
          "fullName": "Test origination of contracts made with wallet api with sapling using: https://api.tez.ie/rpc/falphanet Originates a contract made with wallet api having an empty sapling state in its storage",
          "location": null,
          "numPassingAsserts": 0,
          "status": "pending",
          "title": "Originates a contract made with wallet api having an empty sapling state in its storage"
        },
        {
          "ancestorTitles": [
            "Test origination of contracts made with wallet api with sapling using: https://api.tez.ie/rpc/falphanet"
          ],
          "duration": 0,
          "failureDetails": [],
          "failureMessages": [],
          "fullName": "Test origination of contracts made with wallet api with sapling using: https://api.tez.ie/rpc/falphanet Originates a contract made with wallet api with sapling states in its storage",
          "location": null,
          "numPassingAsserts": 0,
          "status": "pending",
          "title": "Originates a contract made with wallet api with sapling states in its storage"
        },
        {
          "ancestorTitles": [
            "Test origination of contracts made with wallet api with sapling using: https://api.tez.ie/rpc/falphanet"
          ],
          "duration": 0,
          "failureDetails": [],
          "failureMessages": [],
          "fullName": "Test origination of contracts made with wallet api with sapling using: https://api.tez.ie/rpc/falphanet Originates a contract made with wallet api with sapling states in its storage and init in JSON",
          "location": null,
          "numPassingAsserts": 0,
          "status": "pending",
          "title": "Originates a contract made with wallet api with sapling states in its storage and init in JSON"
        }
      ],
      "failureMessage": null
    },
    {
      "leaks": false,
      "numFailingTests": 0,
      "numPassingTests": 2,
      "numPendingTests": 0,
      "numTodoTests": 0,
      "openHandles": [],
      "perfStats": {
        "end": 1614921573899,
        "runtime": 121577,
        "slow": true,
        "start": 1614921452322
      },
      "skipped": false,
      "snapshot": {
        "added": 0,
        "fileDeleted": false,
        "matched": 0,
        "unchecked": 0,
        "unmatched": 0,
        "updated": 0,
        "uncheckedKeys": []
      },
      "testFilePath": "/home/roxaneletourneau/src/ecadlabs/taquito2/taquito/integration-tests/contract-empty-unrevealed-implicit-account.spec.ts",
      "testResults": [
        {
          "ancestorTitles": [
            "Test emptying an unrevealed implicit account using: https://api.tez.ie/rpc/falphanet"
          ],
          "duration": 654,
          "failureDetails": [],
          "failureMessages": [],
          "fullName": "Test emptying an unrevealed implicit account using: https://api.tez.ie/rpc/falphanet does nothing",
          "location": null,
          "numPassingAsserts": 0,
          "status": "passed",
          "title": "does nothing"
        },
        {
          "ancestorTitles": [
            "Test emptying an unrevealed implicit account using: https://api.tez.ie/rpc/falphanet"
          ],
          "duration": 120058,
          "failureDetails": [],
          "failureMessages": [],
          "fullName": "Test emptying an unrevealed implicit account using: https://api.tez.ie/rpc/falphanet create an unrevealed implicit account, fund it, empty it",
          "location": null,
          "numPassingAsserts": 0,
          "status": "passed",
          "title": "create an unrevealed implicit account, fund it, empty it"
        }
      ],
      "failureMessage": null
    },
    {
      "leaks": false,
      "numFailingTests": 0,
      "numPassingTests": 1,
      "numPendingTests": 0,
      "numTodoTests": 0,
      "openHandles": [],
      "perfStats": {
        "end": 1614921574013,
        "runtime": 169953,
        "slow": true,
        "start": 1614921404060
      },
      "skipped": false,
      "snapshot": {
        "added": 0,
        "fileDeleted": false,
        "matched": 0,
        "unchecked": 0,
        "unmatched": 0,
        "updated": 0,
        "uncheckedKeys": []
      },
      "testFilePath": "/home/roxaneletourneau/src/ecadlabs/taquito2/taquito/integration-tests/wallet-no-annotations-call-by-index.spec.ts",
      "testResults": [
        {
          "ancestorTitles": [
            "Test contract made with wallet API with no annotations calling methods by index using: https://api.tez.ie/rpc/falphanet"
          ],
          "duration": 168232,
          "failureDetails": [],
          "failureMessages": [],
          "fullName": "Test contract made with wallet API with no annotations calling methods by index using: https://api.tez.ie/rpc/falphanet Test contract made with wallet API with no annotations for methods",
          "location": null,
          "numPassingAsserts": 0,
          "status": "passed",
          "title": "Test contract made with wallet API with no annotations for methods"
        }
      ],
      "failureMessage": null
    },
    {
      "leaks": false,
      "numFailingTests": 0,
      "numPassingTests": 2,
      "numPendingTests": 0,
      "numTodoTests": 0,
      "openHandles": [],
      "perfStats": {
        "end": 1614921579335,
        "runtime": 338331,
        "slow": true,
        "start": 1614921241004
      },
      "skipped": false,
      "snapshot": {
        "added": 0,
        "fileDeleted": false,
        "matched": 0,
        "unchecked": 0,
        "unmatched": 0,
        "updated": 0,
        "uncheckedKeys": []
      },
      "testFilePath": "/home/roxaneletourneau/src/ecadlabs/taquito2/taquito/integration-tests/wallet-api.spec.ts",
      "testResults": [
        {
          "ancestorTitles": [
            "Test wallet api using: https://api.tez.ie/rpc/falphanet"
          ],
          "duration": 175386,
          "failureDetails": [],
          "failureMessages": [],
          "fullName": "Test wallet api using: https://api.tez.ie/rpc/falphanet Test simple origination and wait for confirmation using promise",
          "location": null,
          "numPassingAsserts": 0,
          "status": "passed",
          "title": "Test simple origination and wait for confirmation using promise"
        },
        {
          "ancestorTitles": [
            "Test wallet api using: https://api.tez.ie/rpc/falphanet"
          ],
          "duration": 161055,
          "failureDetails": [],
          "failureMessages": [],
          "fullName": "Test wallet api using: https://api.tez.ie/rpc/falphanet Test simple origination and wait for confirmation using observable",
          "location": null,
          "numPassingAsserts": 0,
          "status": "passed",
          "title": "Test simple origination and wait for confirmation using observable"
        }
      ],
      "failureMessage": null
    },
    {
      "leaks": false,
      "numFailingTests": 0,
      "numPassingTests": 2,
      "numPendingTests": 0,
      "numTodoTests": 0,
      "openHandles": [],
      "perfStats": {
        "end": 1614921582572,
        "runtime": 88733,
        "slow": true,
        "start": 1614921493839
      },
      "skipped": false,
      "snapshot": {
        "added": 0,
        "fileDeleted": false,
        "matched": 0,
        "unchecked": 0,
        "unmatched": 0,
        "updated": 0,
        "uncheckedKeys": []
      },
      "testFilePath": "/home/roxaneletourneau/src/ecadlabs/taquito2/taquito/integration-tests/contract-big-map-access-by-index.spec.ts",
      "testResults": [
        {
          "ancestorTitles": [
            "Test accessing big map abstraction by index using: https://api.tez.ie/rpc/falphanet"
          ],
          "duration": 84914,
          "failureDetails": [],
          "failureMessages": [],
          "fullName": "Test accessing big map abstraction by index using: https://api.tez.ie/rpc/falphanet originates a contract with empty bigmap and fetches the storage/bigmap",
          "location": null,
          "numPassingAsserts": 0,
          "status": "passed",
          "title": "originates a contract with empty bigmap and fetches the storage/bigmap"
        },
        {
          "ancestorTitles": [],
          "duration": 3088,
          "failureDetails": [],
          "failureMessages": [],
          "fullName": "Return undefined when BigMap key is not found",
          "location": null,
          "numPassingAsserts": 0,
          "status": "passed",
          "title": "Return undefined when BigMap key is not found"
        }
      ],
      "failureMessage": null
    },
    {
      "leaks": false,
      "numFailingTests": 0,
      "numPassingTests": 2,
      "numPendingTests": 0,
      "numTodoTests": 0,
      "openHandles": [],
      "perfStats": {
        "end": 1614921583256,
        "runtime": 137673,
        "slow": true,
        "start": 1614921445583
      },
      "skipped": false,
      "snapshot": {
        "added": 0,
        "fileDeleted": false,
        "matched": 0,
        "unchecked": 0,
        "unmatched": 0,
        "updated": 0,
        "uncheckedKeys": []
      },
      "testFilePath": "/home/roxaneletourneau/src/ecadlabs/taquito2/taquito/integration-tests/wallet-empty-unrevealed-implicit-account.spec.ts",
      "testResults": [
        {
          "ancestorTitles": [
            "Test emptying an unrevealed implicit wallet account using: https://api.tez.ie/rpc/falphanet"
          ],
          "duration": 559,
          "failureDetails": [],
          "failureMessages": [],
          "fullName": "Test emptying an unrevealed implicit wallet account using: https://api.tez.ie/rpc/falphanet does nothing",
          "location": null,
          "numPassingAsserts": 0,
          "status": "passed",
          "title": "does nothing"
        },
        {
          "ancestorTitles": [
            "Test emptying an unrevealed implicit wallet account using: https://api.tez.ie/rpc/falphanet"
          ],
          "duration": 136695,
          "failureDetails": [],
          "failureMessages": [],
          "fullName": "Test emptying an unrevealed implicit wallet account using: https://api.tez.ie/rpc/falphanet creates an unrevealed implicit wallet account, funds it, and empties it",
          "location": null,
          "numPassingAsserts": 0,
          "status": "passed",
          "title": "creates an unrevealed implicit wallet account, funds it, and empties it"
        }
      ],
      "failureMessage": null
    },
    {
      "leaks": false,
      "numFailingTests": 0,
      "numPassingTests": 1,
      "numPendingTests": 0,
      "numTodoTests": 0,
      "openHandles": [],
      "perfStats": {
        "end": 1614921589914,
        "runtime": 6591,
        "slow": true,
        "start": 1614921583323
      },
      "skipped": false,
      "snapshot": {
        "added": 0,
        "fileDeleted": false,
        "matched": 0,
        "unchecked": 0,
        "unmatched": 0,
        "updated": 0,
        "uncheckedKeys": []
      },
      "testFilePath": "/home/roxaneletourneau/src/ecadlabs/taquito2/taquito/integration-tests/wallet-originate-invalid-string.spec.ts",
      "testResults": [
        {
          "ancestorTitles": [
            "Test invalid data for origination using: https://api.tez.ie/rpc/falphanet"
          ],
          "duration": 5452,
          "failureDetails": [],
          "failureMessages": [],
          "fullName": "Test invalid data for origination using: https://api.tez.ie/rpc/falphanet wallet contract fails because non-ascii in init data",
          "location": null,
          "numPassingAsserts": 0,
          "status": "passed",
          "title": "wallet contract fails because non-ascii in init data"
        }
      ],
      "failureMessage": null
    },
    {
      "leaks": false,
      "numFailingTests": 0,
      "numPassingTests": 3,
      "numPendingTests": 0,
      "numTodoTests": 0,
      "openHandles": [],
      "perfStats": {
        "end": 1614921594100,
        "runtime": 4105,
        "slow": false,
        "start": 1614921589995
      },
      "skipped": false,
      "snapshot": {
        "added": 0,
        "fileDeleted": false,
        "matched": 0,
        "unchecked": 0,
        "unmatched": 0,
        "updated": 0,
        "uncheckedKeys": []
      },
      "testFilePath": "/home/roxaneletourneau/src/ecadlabs/taquito2/taquito/integration-tests/taquito-rpc.spec.ts",
      "testResults": [
        {
          "ancestorTitles": [
            "Taquito RPC: https://api.tez.ie/rpc/falphanet",
            "getBlock"
          ],
          "duration": 627,
          "failureDetails": [],
          "failureMessages": [],
          "fullName": "Taquito RPC: https://api.tez.ie/rpc/falphanet getBlock should find get a block using default syntax",
          "location": null,
          "numPassingAsserts": 0,
          "status": "passed",
          "title": "should find get a block using default syntax"
        },
        {
          "ancestorTitles": [
            "Taquito RPC: https://api.tez.ie/rpc/falphanet",
            "getBlock"
          ],
          "duration": 869,
          "failureDetails": [],
          "failureMessages": [],
          "fullName": "Taquito RPC: https://api.tez.ie/rpc/falphanet getBlock should get a block using head and tilde syntax",
          "location": null,
          "numPassingAsserts": 0,
          "status": "passed",
          "title": "should get a block using head and tilde syntax"
        },
        {
          "ancestorTitles": [
            "Taquito RPC: https://api.tez.ie/rpc/falphanet",
            "getBlock"
          ],
          "duration": 938,
          "failureDetails": [],
          "failureMessages": [],
          "fullName": "Taquito RPC: https://api.tez.ie/rpc/falphanet getBlock should get a block using hash and tilde syntax",
          "location": null,
          "numPassingAsserts": 0,
          "status": "passed",
          "title": "should get a block using hash and tilde syntax"
        }
      ],
      "failureMessage": null
    },
    {
      "leaks": false,
      "numFailingTests": 0,
      "numPassingTests": 6,
      "numPendingTests": 0,
      "numTodoTests": 0,
      "openHandles": [],
      "perfStats": {
        "end": 1614921630946,
        "runtime": 499263,
        "slow": true,
        "start": 1614921131683
      },
      "skipped": false,
      "snapshot": {
        "added": 0,
        "fileDeleted": false,
        "matched": 0,
        "unchecked": 0,
        "unmatched": 0,
        "updated": 0,
        "uncheckedKeys": []
      },
      "testFilePath": "/home/roxaneletourneau/src/ecadlabs/taquito2/taquito/integration-tests/batch-api.spec.ts",
      "testResults": [
        {
          "ancestorTitles": [
            "Test batch api using: https://api.tez.ie/rpc/falphanet"
          ],
          "duration": 49508,
          "failureDetails": [],
          "failureMessages": [],
          "fullName": "Test batch api using: https://api.tez.ie/rpc/falphanet Simple transfers with origination",
          "location": null,
          "numPassingAsserts": 0,
          "status": "passed",
          "title": "Simple transfers with origination"
        },
        {
          "ancestorTitles": [
            "Test batch api using: https://api.tez.ie/rpc/falphanet"
          ],
          "duration": 49300,
          "failureDetails": [],
          "failureMessages": [],
          "fullName": "Test batch api using: https://api.tez.ie/rpc/falphanet Simple transfers with origination using with",
          "location": null,
          "numPassingAsserts": 0,
          "status": "passed",
          "title": "Simple transfers with origination using with"
        },
        {
          "ancestorTitles": [
            "Test batch api using: https://api.tez.ie/rpc/falphanet"
          ],
          "duration": 4586,
          "failureDetails": [],
          "failureMessages": [],
          "fullName": "Test batch api using: https://api.tez.ie/rpc/falphanet Simple transfers with bad origination",
          "location": null,
          "numPassingAsserts": 0,
          "status": "passed",
          "title": "Simple transfers with bad origination"
        },
        {
          "ancestorTitles": [
            "Test batch api using: https://api.tez.ie/rpc/falphanet"
          ],
          "duration": 210643,
          "failureDetails": [],
          "failureMessages": [],
          "fullName": "Test batch api using: https://api.tez.ie/rpc/falphanet Test batch from account with low balance",
          "location": null,
          "numPassingAsserts": 0,
          "status": "passed",
          "title": "Test batch from account with low balance"
        },
        {
          "ancestorTitles": [
            "Test batch api using: https://api.tez.ie/rpc/falphanet"
          ],
          "duration": 130158,
          "failureDetails": [],
          "failureMessages": [],
          "fullName": "Test batch api using: https://api.tez.ie/rpc/falphanet Chain contract calls",
          "location": null,
          "numPassingAsserts": 0,
          "status": "passed",
          "title": "Chain contract calls"
        },
        {
          "ancestorTitles": [
            "Test batch api using: https://api.tez.ie/rpc/falphanet"
          ],
          "duration": 51598,
          "failureDetails": [],
          "failureMessages": [],
          "fullName": "Test batch api using: https://api.tez.ie/rpc/falphanet Simple transfers with origination and code in Michelson format",
          "location": null,
          "numPassingAsserts": 0,
          "status": "passed",
          "title": "Simple transfers with origination and code in Michelson format"
        }
      ],
      "failureMessage": null
    },
    {
      "leaks": false,
      "numFailingTests": 0,
      "numPassingTests": 1,
      "numPendingTests": 0,
      "numTodoTests": 0,
      "openHandles": [],
      "perfStats": {
        "end": 1614921632473,
        "runtime": 58332,
        "slow": true,
        "start": 1614921574141
      },
      "skipped": false,
      "snapshot": {
        "added": 0,
        "fileDeleted": false,
        "matched": 0,
        "unchecked": 0,
        "unmatched": 0,
        "updated": 0,
        "uncheckedKeys": []
      },
      "testFilePath": "/home/roxaneletourneau/src/ecadlabs/taquito2/taquito/integration-tests/tzip16-non-compliant-wallet.spec.ts",
      "testResults": [
        {
          "ancestorTitles": [
            "Tzip16 failing test: https://api.tez.ie/rpc/falphanet"
          ],
          "duration": 57546,
          "failureDetails": [],
          "failureMessages": [],
          "fullName": "Tzip16 failing test: https://api.tez.ie/rpc/falphanet Deploy a simple contract using wallet api having no metadata and try to fetch metadata",
          "location": null,
          "numPassingAsserts": 0,
          "status": "passed",
          "title": "Deploy a simple contract using wallet api having no metadata and try to fetch metadata"
        }
      ],
      "failureMessage": null
    },
    {
      "leaks": false,
      "numFailingTests": 0,
      "numPassingTests": 7,
      "numPendingTests": 0,
      "numTodoTests": 0,
      "openHandles": [],
      "perfStats": {
        "end": 1614921633663,
        "runtime": 502134,
        "slow": true,
        "start": 1614921131529
      },
      "skipped": false,
      "snapshot": {
        "added": 0,
        "fileDeleted": false,
        "matched": 0,
        "unchecked": 0,
        "unmatched": 0,
        "updated": 0,
        "uncheckedKeys": []
      },
      "testFilePath": "/home/roxaneletourneau/src/ecadlabs/taquito2/taquito/integration-tests/contract-batch.spec.ts",
      "testResults": [
        {
          "ancestorTitles": [
            "Test contract.batch using: https://api.tez.ie/rpc/falphanet"
          ],
          "duration": 42261,
          "failureDetails": [],
          "failureMessages": [],
          "fullName": "Test contract.batch using: https://api.tez.ie/rpc/falphanet Simple transfers with origination (where the code in JSON Michelson format)",
          "location": null,
          "numPassingAsserts": 0,
          "status": "passed",
[...]
          ],
          "duration": 369,
          "failureDetails": [],
          "failureMessages": [],
          "fullName": "Test local forger: https://api.tez.ie/rpc/falphanet Should give the same result as when forging with the rpc: Delegation to SG1 address with version field (https://api.tez.ie/rpc/falphanet)",
          "location": null,
          "numPassingAsserts": 0,
          "status": "passed",
          "title": "Should give the same result as when forging with the rpc: Delegation to SG1 address with version field (https://api.tez.ie/rpc/falphanet)"
        }
      ],
      "failureMessage": "\u001b[1m\u001b[31m  \u001b[1m● \u001b[22m\u001b[1mTest local forger: https://api.tez.ie/rpc/falphanet › Should give the same result as when forging with the rpc: Transaction with custom entrypoint (https://api.tez.ie/rpc/falphanet)\u001b[39m\u001b[22m\n\n    \u001b[2mexpect(\u001b[22m\u001b[31mreceived\u001b[39m\u001b[2m).\u001b[22mtoEqual\u001b[2m(\u001b[22m\u001b[32mexpected\u001b[39m\u001b[2m) // deep equality\u001b[22m\n\n    Expected: \u001b[32m\"a99b946c97ada0f42c1bdeae0383db7893351232a832d00d0cd716eb6f66e5616c0035e993d8c7aaa42b5e3ccd86a33390ececc73abd904e010a0ae80701609b26857d9053ecda49f13369a3c8908abc30ef00ff\u001b[7m05\u001b[27m00000018070707070a000000020202008a03010000000568656c6c6f\"\u001b[39m\n    Received: \u001b[31m\"a99b946c97ada0f42c1bdeae0383db7893351232a832d00d0cd716eb6f66e5616c0035e993d8c7aaa42b5e3ccd86a33390ececc73abd904e010a0ae80701609b26857d9053ecda49f13369a3c8908abc30ef00ff\u001b[7mff046d61696e\u001b[27m00000018070707070a000000020202008a03010000000568656c6c6f\"\u001b[39m\n\u001b[2m\u001b[22m\n\u001b[2m    \u001b[0m \u001b[90m 16 | \u001b[39m                \u001b[36mconst\u001b[39m result \u001b[33m=\u001b[39m await localForger\u001b[33m.\u001b[39mforge(operation)\u001b[33m;\u001b[39m\u001b[0m\u001b[22m\n\u001b[2m    \u001b[0m \u001b[90m 17 | \u001b[39m                \u001b[36mconst\u001b[39m rpcResult \u001b[33m=\u001b[39m await \u001b[33mTezos\u001b[39m\u001b[33m.\u001b[39mrpc\u001b[33m.\u001b[39mforgeOperations(operation)\u001b[33m;\u001b[39m\u001b[0m\u001b[22m\n\u001b[2m    \u001b[0m\u001b[31m\u001b[1m>\u001b[22m\u001b[2m\u001b[39m\u001b[90m 18 | \u001b[39m                expect(result)\u001b[33m.\u001b[39mtoEqual(rpcResult)\u001b[33m;\u001b[39m\u001b[0m\u001b[22m\n\u001b[2m    \u001b[0m \u001b[90m    | \u001b[39m                               \u001b[31m\u001b[1m^\u001b[22m\u001b[2m\u001b[39m\u001b[0m\u001b[22m\n\u001b[2m    \u001b[0m \u001b[90m 19 | \u001b[39m                expect(await localForger\u001b[33m.\u001b[39mparse(result))\u001b[33m.\u001b[39mtoEqual(expected \u001b[33m||\u001b[39m operation)\u001b[33m;\u001b[39m\u001b[0m\u001b[22m\n\u001b[2m    \u001b[0m \u001b[90m 20 | \u001b[39m                done()\u001b[33m;\u001b[39m\u001b[0m\u001b[22m\n\u001b[2m    \u001b[0m \u001b[90m 21 | \u001b[39m            })\u001b[33m;\u001b[39m\u001b[0m\u001b[22m\n\u001b[2m\u001b[22m\n\u001b[2m      \u001b[2mat \u001b[22m\u001b[2m\u001b[0m\u001b[36mlocal-forging.spec.ts\u001b[39m\u001b[0m\u001b[2m:18:32\u001b[22m\u001b[2m\u001b[22m\n\u001b[2m      \u001b[2mat step (\u001b[22m\u001b[2m\u001b[0m\u001b[36mlocal-forging.spec.ts\u001b[39m\u001b[0m\u001b[2m:33:23)\u001b[22m\u001b[2m\u001b[22m\n\u001b[2m      \u001b[2mat Object.next (\u001b[22m\u001b[2m\u001b[0m\u001b[36mlocal-forging.spec.ts\u001b[39m\u001b[0m\u001b[2m:14:53)\u001b[22m\u001b[2m\u001b[22m\n\u001b[2m      \u001b[2mat fulfilled (\u001b[22m\u001b[2m\u001b[0m\u001b[36mlocal-forging.spec.ts\u001b[39m\u001b[0m\u001b[2m:5:58)\u001b[22m\u001b[2m\u001b[22m\n"
    },
    {
      "leaks": false,
      "numFailingTests": 0,
      "numPassingTests": 3,
      "numPendingTests": 0,
      "numTodoTests": 0,
      "openHandles": [],
      "perfStats": {
        "end": 1614922358204,
        "runtime": 163468,
        "slow": true,
        "start": 1614922194736
      },
      "skipped": false,
      "snapshot": {
        "added": 0,
        "fileDeleted": false,
        "matched": 0,
        "unchecked": 0,
        "unmatched": 0,
        "updated": 0,
        "uncheckedKeys": []
      },
      "testFilePath": "/home/roxaneletourneau/src/ecadlabs/taquito2/taquito/integration-tests/lambda-view.spec.ts",
      "testResults": [
        {
          "ancestorTitles": [
            "Lambda view using: https://api.tez.ie/rpc/falphanet"
          ],
          "duration": 58580,
          "failureDetails": [],
          "failureMessages": [],
          "fullName": "Lambda view using: https://api.tez.ie/rpc/falphanet Originate FA1.2 contract and fetch data from view entrypoints",
          "location": null,
          "numPassingAsserts": 0,
          "status": "passed",
          "title": "Originate FA1.2 contract and fetch data from view entrypoints"
        },
        {
          "ancestorTitles": [
            "Lambda view using: https://api.tez.ie/rpc/falphanet"
          ],
          "duration": 47534,
          "failureDetails": [],
          "failureMessages": [],
          "fullName": "Lambda view using: https://api.tez.ie/rpc/falphanet Originate a contract and fetch data from view entrypoints",
          "location": null,
          "numPassingAsserts": 0,
          "status": "passed",
          "title": "Originate a contract and fetch data from view entrypoints"
        },
        {
          "ancestorTitles": [
            "Lambda view using: https://api.tez.ie/rpc/falphanet"
          ],
          "duration": 56194,
          "failureDetails": [],
          "failureMessages": [],
          "fullName": "Lambda view using: https://api.tez.ie/rpc/falphanet Originate FA2 contract and fetch data from view entrypoints",
          "location": null,
          "numPassingAsserts": 0,
          "status": "passed",
          "title": "Originate FA2 contract and fetch data from view entrypoints"
        }
      ],
      "failureMessage": null
    },
    {
      "leaks": false,
      "numFailingTests": 0,
      "numPassingTests": 6,
      "numPendingTests": 0,
      "numTodoTests": 0,
      "openHandles": [],
      "perfStats": {
        "end": 1614922389216,
        "runtime": 221546,
        "slow": true,
        "start": 1614922167670
      },
      "skipped": false,
      "snapshot": {
        "added": 0,
        "fileDeleted": false,
        "matched": 0,
        "unchecked": 0,
        "unmatched": 0,
        "updated": 0,
        "uncheckedKeys": []
      },
      "testFilePath": "/home/roxaneletourneau/src/ecadlabs/taquito2/taquito/integration-tests/contract-originate-contract-unpair.spec.ts",
      "testResults": [
        {
          "ancestorTitles": [
            "Test origination of contract with UNPAIR using: https://api.tez.ie/rpc/falphanet"
          ],
          "duration": 27051,
          "failureDetails": [],
          "failureMessages": [],
          "fullName": "Test origination of contract with UNPAIR using: https://api.tez.ie/rpc/falphanet Originates a contract having UNPAIR with code and init in Michelson",
          "location": null,
          "numPassingAsserts": 0,
          "status": "passed",
          "title": "Originates a contract having UNPAIR with code and init in Michelson"
        },
        {
          "ancestorTitles": [
            "Test origination of contract with UNPAIR using: https://api.tez.ie/rpc/falphanet"
          ],
          "duration": 42150,
          "failureDetails": [],
          "failureMessages": [],
          "fullName": "Test origination of contract with UNPAIR using: https://api.tez.ie/rpc/falphanet Originates a contract having UNPAIR with code in Michelson and init in JSON Michelson",
          "location": null,
          "numPassingAsserts": 0,
          "status": "passed",
          "title": "Originates a contract having UNPAIR with code in Michelson and init in JSON Michelson"
        },
        {
          "ancestorTitles": [
            "Test origination of contract with UNPAIR using: https://api.tez.ie/rpc/falphanet"
          ],
          "duration": 37136,
          "failureDetails": [],
          "failureMessages": [],
          "fullName": "Test origination of contract with UNPAIR using: https://api.tez.ie/rpc/falphanet Originates a contract having UNPAIR with code in Michelson and storage",
          "location": null,
          "numPassingAsserts": 0,
          "status": "passed",
          "title": "Originates a contract having UNPAIR with code in Michelson and storage"
        },
        {
          "ancestorTitles": [
            "Test origination of contract with UNPAIR using: https://api.tez.ie/rpc/falphanet"
          ],
          "duration": 21610,
          "failureDetails": [],
          "failureMessages": [],
          "fullName": "Test origination of contract with UNPAIR using: https://api.tez.ie/rpc/falphanet Originates a contract having UNPAIR with code in JSON Michelson and init in Michelson",
          "location": null,
          "numPassingAsserts": 0,
          "status": "passed",
          "title": "Originates a contract having UNPAIR with code in JSON Michelson and init in Michelson"
        },
        {
          "ancestorTitles": [
            "Test origination of contract with UNPAIR using: https://api.tez.ie/rpc/falphanet"
          ],
          "duration": 61845,
          "failureDetails": [],
          "failureMessages": [],
          "fullName": "Test origination of contract with UNPAIR using: https://api.tez.ie/rpc/falphanet Originates a contract having UNPAIR with code and init in JSON Michelson",
          "location": null,
          "numPassingAsserts": 0,
          "status": "passed",
          "title": "Originates a contract having UNPAIR with code and init in JSON Michelson"
        },
        {
          "ancestorTitles": [
            "Test origination of contract with UNPAIR using: https://api.tez.ie/rpc/falphanet"
          ],
          "duration": 30455,
          "failureDetails": [],
          "failureMessages": [],
          "fullName": "Test origination of contract with UNPAIR using: https://api.tez.ie/rpc/falphanet Originates a contract having UNPAIR with code in JSON Michelson and storage",
          "location": null,
          "numPassingAsserts": 0,
          "status": "passed",
          "title": "Originates a contract having UNPAIR with code in JSON Michelson and storage"
        }
      ],
      "failureMessage": null
    },
    {
      "leaks": false,
      "numFailingTests": 0,
      "numPassingTests": 6,
      "numPendingTests": 0,
      "numTodoTests": 0,
      "openHandles": [],
      "perfStats": {
        "end": 1614922445254,
        "runtime": 250926,
        "slow": true,
        "start": 1614922194328
      },
      "skipped": false,
      "snapshot": {
        "added": 0,
        "fileDeleted": false,
        "matched": 0,
        "unchecked": 0,
        "unmatched": 0,
        "updated": 0,
        "uncheckedKeys": []
      },
      "testFilePath": "/home/roxaneletourneau/src/ecadlabs/taquito2/taquito/integration-tests/wallet-originate-contract-unpair.spec.ts",
      "testResults": [
        {
          "ancestorTitles": [
            "Test origination of a token contract using: https://api.tez.ie/rpc/falphanet"
          ],
          "duration": 48242,
          "failureDetails": [],
          "failureMessages": [],
          "fullName": "Test origination of a token contract using: https://api.tez.ie/rpc/falphanet Originates a contract having UNPAIR with code and init in Michelson",
          "location": null,
          "numPassingAsserts": 0,
          "status": "passed",
          "title": "Originates a contract having UNPAIR with code and init in Michelson"
        },
        {
          "ancestorTitles": [
            "Test origination of a token contract using: https://api.tez.ie/rpc/falphanet"
          ],
          "duration": 22687,
          "failureDetails": [],
          "failureMessages": [],
          "fullName": "Test origination of a token contract using: https://api.tez.ie/rpc/falphanet Originates a contract having UNPAIR with code in Michelson and init in JSON Michelson",
          "location": null,
          "numPassingAsserts": 0,
          "status": "passed",
          "title": "Originates a contract having UNPAIR with code in Michelson and init in JSON Michelson"
        },
        {
          "ancestorTitles": [
            "Test origination of a token contract using: https://api.tez.ie/rpc/falphanet"
          ],
          "duration": 31088,
          "failureDetails": [],
          "failureMessages": [],
          "fullName": "Test origination of a token contract using: https://api.tez.ie/rpc/falphanet Originates a contract having UNPAIR with code in Michelson and storage",
          "location": null,
          "numPassingAsserts": 0,
          "status": "passed",
          "title": "Originates a contract having UNPAIR with code in Michelson and storage"
        },
        {
          "ancestorTitles": [
            "Test origination of a token contract using: https://api.tez.ie/rpc/falphanet"
          ],
          "duration": 53139,
          "failureDetails": [],
          "failureMessages": [],
          "fullName": "Test origination of a token contract using: https://api.tez.ie/rpc/falphanet Originates a contract having UNPAIR with code in JSON Michelson and init in Michelson",
          "location": null,
          "numPassingAsserts": 0,
          "status": "passed",
          "title": "Originates a contract having UNPAIR with code in JSON Michelson and init in Michelson"
        },
        {
          "ancestorTitles": [
            "Test origination of a token contract using: https://api.tez.ie/rpc/falphanet"
          ],
          "duration": 33189,
          "failureDetails": [],
          "failureMessages": [],
          "fullName": "Test origination of a token contract using: https://api.tez.ie/rpc/falphanet Originates a contract having UNPAIR with code and init in JSON Michelson",
          "location": null,
          "numPassingAsserts": 0,
          "status": "passed",
          "title": "Originates a contract having UNPAIR with code and init in JSON Michelson"
        },
        {
          "ancestorTitles": [
            "Test origination of a token contract using: https://api.tez.ie/rpc/falphanet"
          ],
          "duration": 61421,
          "failureDetails": [],
          "failureMessages": [],
          "fullName": "Test origination of a token contract using: https://api.tez.ie/rpc/falphanet Originates a contract having UNPAIR with code in JSON Michelson and storage",
          "location": null,
          "numPassingAsserts": 0,
          "status": "passed",
          "title": "Originates a contract having UNPAIR with code in JSON Michelson and storage"
        }
      ],
      "failureMessage": null
    },
    {
      "leaks": false,
      "numFailingTests": 0,
      "numPassingTests": 1,
      "numPendingTests": 0,
      "numTodoTests": 0,
      "openHandles": [],
      "perfStats": {
        "end": 1614922452494,
        "runtime": 280888,
        "slow": true,
        "start": 1614922171606
      },
      "skipped": false,
      "snapshot": {
        "added": 0,
        "fileDeleted": false,
        "matched": 0,
        "unchecked": 0,
        "unmatched": 0,
        "updated": 0,
        "uncheckedKeys": []
      },
      "testFilePath": "/home/roxaneletourneau/src/ecadlabs/taquito2/taquito/integration-tests/manager-wallet-scenario.spec.ts",
      "testResults": [
        {
          "ancestorTitles": [
            "Manager TZ: https://api.tez.ie/rpc/falphanet"
          ],
          "duration": 280684,
          "failureDetails": [],
          "failureMessages": [],
          "fullName": "Manager TZ: https://api.tez.ie/rpc/falphanet tests manager transfer scenarios for Babylon/005 with wallet APi contract",
          "location": null,
          "numPassingAsserts": 0,
          "status": "passed",
          "title": "tests manager transfer scenarios for Babylon/005 with wallet APi contract"
        }
      ],
      "failureMessage": null
    },
    {
      "leaks": false,
      "numFailingTests": 0,
      "numPassingTests": 6,
      "numPendingTests": 0,
      "numTodoTests": 0,
      "openHandles": [],
      "perfStats": {
        "end": 1614922518184,
        "runtime": 325860,
        "slow": true,
        "start": 1614922192324
      },
      "skipped": false,
      "snapshot": {
        "added": 0,
        "fileDeleted": false,
        "matched": 0,
        "unchecked": 0,
        "unmatched": 0,
        "updated": 0,
        "uncheckedKeys": []
      },
      "testFilePath": "/home/roxaneletourneau/src/ecadlabs/taquito2/taquito/integration-tests/wallet-batch.spec.ts",
      "testResults": [
        {
          "ancestorTitles": [
            "Test wallet.batch using: https://api.tez.ie/rpc/falphanet"
          ],
          "duration": 52548,
          "failureDetails": [],
          "failureMessages": [],
          "fullName": "Test wallet.batch using: https://api.tez.ie/rpc/falphanet Simple transfers with origination (with code in JSON Michelson format)",
          "location": null,
          "numPassingAsserts": 0,
          "status": "passed",
          "title": "Simple transfers with origination (with code in JSON Michelson format)"
        },
        {
          "ancestorTitles": [
            "Test wallet.batch using: https://api.tez.ie/rpc/falphanet"
          ],
          "duration": 20537,
          "failureDetails": [],
          "failureMessages": [],
          "fullName": "Test wallet.batch using: https://api.tez.ie/rpc/falphanet Simple transfers with origination (with code in Michelson format)",
          "location": null,
          "numPassingAsserts": 0,
          "status": "passed",
          "title": "Simple transfers with origination (with code in Michelson format)"
        },
        {
          "ancestorTitles": [
            "Test wallet.batch using: https://api.tez.ie/rpc/falphanet"
          ],
          "duration": 31336,
          "failureDetails": [],
          "failureMessages": [],
          "fullName": "Test wallet.batch using: https://api.tez.ie/rpc/falphanet Simple transfers with origination using with",
          "location": null,
          "numPassingAsserts": 0,
          "status": "passed",
          "title": "Simple transfers with origination using with"
        },
        {
          "ancestorTitles": [
            "Test wallet.batch using: https://api.tez.ie/rpc/falphanet"
          ],
          "duration": 88184,
          "failureDetails": [],
          "failureMessages": [],
          "fullName": "Test wallet.batch using: https://api.tez.ie/rpc/falphanet Test batch from account with low balance",
          "location": null,
          "numPassingAsserts": 0,
          "status": "passed",
          "title": "Test batch from account with low balance"
        },
        {
          "ancestorTitles": [
            "Test wallet.batch using: https://api.tez.ie/rpc/falphanet"
          ],
          "duration": 103140,
          "failureDetails": [],
          "failureMessages": [],
          "fullName": "Test wallet.batch using: https://api.tez.ie/rpc/falphanet Chain contract calls",
          "location": null,
          "numPassingAsserts": 0,
          "status": "passed",
          "title": "Chain contract calls"
        },
        {
          "ancestorTitles": [
            "Test wallet.batch using: https://api.tez.ie/rpc/falphanet"
          ],
          "duration": 29702,
          "failureDetails": [],
          "failureMessages": [],
          "fullName": "Test wallet.batch using: https://api.tez.ie/rpc/falphanet Batch transfers and method call",
          "location": null,
          "numPassingAsserts": 0,
          "status": "passed",
          "title": "Batch transfers and method call"
        }
      ],
      "failureMessage": null
    }
  ],
  "wasInterrupted": false
}